# JRE version: OpenJDK Runtime Environment (8.0_121-b13) (build 1.8.0_121-8u121-b13-0ubuntu1.16.04.2-b13)
# Java VM: OpenJDK 64-Bit Server VM (25.121-b13 mixed mode linux-amd64 compressed oops)
Heap:
 PSYoungGen      total 63488K, used 1376K [0x00000000ed180000, 0x00000000f1180000, 0x0000000100000000)
  eden space 61440K, 0% used [0x00000000ed180000,0x00000000ed180000,0x00000000f0d80000)
  from space 2048K, 67% used [0x00000000f0d80000,0x00000000f0ed8010,0x00000000f0f80000)
  to   space 2048K, 0% used [0x00000000f0f80000,0x00000000f0f80000,0x00000000f1180000)
 ParOldGen       total 39936K, used 4488K [0x00000000c7400000, 0x00000000c9b00000, 0x00000000ed180000)
  object space 39936K, 11% used [0x00000000c7400000,0x00000000c7862050,0x00000000c9b00000)
 Metaspace       used 5081K, capacity 5314K, committed 5504K, reserved 1056768K
  class space    used 554K, capacity 590K, committed 640K, reserved 1048576K
GC Heap History (9 events):
Event: 7,294 GC heap before
{Heap before GC invocations=1 (full 0):
 PSYoungGen      total 17408K, used 15360K [0x00000000ed180000, 0x00000000ee480000, 0x0000000100000000)
  eden space 15360K, 100% used [0x00000000ed180000,0x00000000ee080000,0x00000000ee080000)
  from space 2048K, 0% used [0x00000000ee280000,0x00000000ee280000,0x00000000ee480000)
  to   space 2048K, 0% used [0x00000000ee080000,0x00000000ee080000,0x00000000ee280000)
 ParOldGen       total 39936K, used 0K [0x00000000c7400000, 0x00000000c9b00000, 0x00000000ed180000)
  object space 39936K, 0% used [0x00000000c7400000,0x00000000c7400000,0x00000000c9b00000)
 Metaspace       used 3760K, capacity 4680K, committed 4864K, reserved 1056768K
  class space    used 412K, capacity 432K, committed 512K, reserved 1048576K
Event: 7,468 GC heap after
Heap after GC invocations=1 (full 0):
 PSYoungGen      total 17408K, used 1104K [0x00000000ed180000, 0x00000000ef380000, 0x0000000100000000)
  eden space 15360K, 0% used [0x00000000ed180000,0x00000000ed180000,0x00000000ee080000)
  from space 2048K, 53% used [0x00000000ee080000,0x00000000ee194010,0x00000000ee280000)
  to   space 2048K, 0% used [0x00000000ef180000,0x00000000ef180000,0x00000000ef380000)
 ParOldGen       total 39936K, used 8K [0x00000000c7400000, 0x00000000c9b00000, 0x00000000ed180000)
  object space 39936K, 0% used [0x00000000c7400000,0x00000000c7402000,0x00000000c9b00000)
 Metaspace       used 3760K, capacity 4680K, committed 4864K, reserved 1056768K
  class space    used 412K, capacity 432K, committed 512K, reserved 1048576K
}
Event: 10,337 GC heap before
{Heap before GC invocations=2 (full 0):
 PSYoungGen      total 17408K, used 16464K [0x00000000ed180000, 0x00000000ef380000, 0x0000000100000000)
  eden space 15360K, 100% used [0x00000000ed180000,0x00000000ee080000,0x00000000ee080000)
  from space 2048K, 53% used [0x00000000ee080000,0x00000000ee194010,0x00000000ee280000)
  to   space 2048K, 0% used [0x00000000ef180000,0x00000000ef180000,0x00000000ef380000)
 ParOldGen       total 39936K, used 8K [0x00000000c7400000, 0x00000000c9b00000, 0x00000000ed180000)
  object space 39936K, 0% used [0x00000000c7400000,0x00000000c7402000,0x00000000c9b00000)
 Metaspace       used 4263K, capacity 4744K, committed 4864K, reserved 1056768K
  class space    used 482K, capacity 496K, committed 512K, reserved 1048576K
Event: 10,534 GC heap after
Heap after GC invocations=2 (full 0):
 PSYoungGen      total 32768K, used 1920K [0x00000000ed180000, 0x00000000ef380000, 0x0000000100000000)
  eden space 30720K, 0% used [0x00000000ed180000,0x00000000ed180000,0x00000000eef80000)
  from space 2048K, 93% used [0x00000000ef180000,0x00000000ef360020,0x00000000ef380000)
  to   space 2048K, 0% used [0x00000000eef80000,0x00000000eef80000,0x00000000ef180000)
 ParOldGen       total 39936K, used 8K [0x00000000c7400000, 0x00000000c9b00000, 0x00000000ed180000)
  object space 39936K, 0% used [0x00000000c7400000,0x00000000c7402000,0x00000000c9b00000)
 Metaspace       used 4263K, capacity 4744K, committed 4864K, reserved 1056768K
  class space    used 482K, capacity 496K, committed 512K, reserved 1048576K
}
Event: 25,596 GC heap before
{Heap before GC invocations=3 (full 0):
 PSYoungGen      total 32768K, used 32640K [0x00000000ed180000, 0x00000000ef380000, 0x0000000100000000)
  eden space 30720K, 100% used [0x00000000ed180000,0x00000000eef80000,0x00000000eef80000)
  from space 2048K, 93% used [0x00000000ef180000,0x00000000ef360020,0x00000000ef380000)
  to   space 2048K, 0% used [0x00000000eef80000,0x00000000eef80000,0x00000000ef180000)
 ParOldGen       total 39936K, used 8K [0x00000000c7400000, 0x00000000c9b00000, 0x00000000ed180000)
  object space 39936K, 0% used [0x00000000c7400000,0x00000000c7402000,0x00000000c9b00000)
 Metaspace       used 5033K, capacity 5250K, committed 5504K, reserved 1056768K
  class space    used 552K, capacity 590K, committed 640K, reserved 1048576K
Event: 26,918 GC heap after
Heap after GC invocations=3 (full 0):
 PSYoungGen      total 32768K, used 2048K [0x00000000ed180000, 0x00000000f1180000, 0x0000000100000000)
  eden space 30720K, 0% used [0x00000000ed180000,0x00000000ed180000,0x00000000eef80000)
  from space 2048K, 100% used [0x00000000eef80000,0x00000000ef180000,0x00000000ef180000)
  to   space 2048K, 0% used [0x00000000f0f80000,0x00000000f0f80000,0x00000000f1180000)
 ParOldGen       total 39936K, used 3976K [0x00000000c7400000, 0x00000000c9b00000, 0x00000000ed180000)
  object space 39936K, 9% used [0x00000000c7400000,0x00000000c77e2050,0x00000000c9b00000)
 Metaspace       used 5033K, capacity 5250K, committed 5504K, reserved 1056768K
  class space    used 552K, capacity 590K, committed 640K, reserved 1048576K
}
Event: 39,761 GC heap before
{Heap before GC invocations=4 (full 0):
 PSYoungGen      total 32768K, used 32768K [0x00000000ed180000, 0x00000000f1180000, 0x0000000100000000)
  eden space 30720K, 100% used [0x00000000ed180000,0x00000000eef80000,0x00000000eef80000)
  from space 2048K, 100% used [0x00000000eef80000,0x00000000ef180000,0x00000000ef180000)
  to   space 2048K, 0% used [0x00000000f0f80000,0x00000000f0f80000,0x00000000f1180000)
 ParOldGen       total 39936K, used 3976K [0x00000000c7400000, 0x00000000c9b00000, 0x00000000ed180000)
  object space 39936K, 9% used [0x00000000c7400000,0x00000000c77e2050,0x00000000c9b00000)
 Metaspace       used 5081K, capacity 5314K, committed 5504K, reserved 1056768K
  class space    used 554K, capacity 590K, committed 640K, reserved 1048576K
Event: 42,300 GC heap after
Heap after GC invocations=4 (full 0):
 PSYoungGen      total 63488K, used 2016K [0x00000000ed180000, 0x00000000f1180000, 0x0000000100000000)
  eden space 61440K, 0% used [0x00000000ed180000,0x00000000ed180000,0x00000000f0d80000)
  from space 2048K, 98% used [0x00000000f0f80000,0x00000000f1178010,0x00000000f1180000)
  to   space 2048K, 0% used [0x00000000f0d80000,0x00000000f0d80000,0x00000000f0f80000)
 ParOldGen       total 39936K, used 4488K [0x00000000c7400000, 0x00000000c9b00000, 0x00000000ed180000)
  object space 39936K, 11% used [0x00000000c7400000,0x00000000c7862050,0x00000000c9b00000)
 Metaspace       used 5081K, capacity 5314K, committed 5504K, reserved 1056768K
  class space    used 554K, capacity 590K, committed 640K, reserved 1048576K
}
Event: 53,852 GC heap before
{Heap before GC invocations=5 (full 0):
 PSYoungGen      total 63488K, used 63456K [0x00000000ed180000, 0x00000000f1180000, 0x0000000100000000)
  eden space 61440K, 100% used [0x00000000ed180000,0x00000000f0d80000,0x00000000f0d80000)
  from space 2048K, 98% used [0x00000000f0f80000,0x00000000f1178010,0x00000000f1180000)
  to   space 2048K, 0% used [0x00000000f0d80000,0x00000000f0d80000,0x00000000f0f80000)
 ParOldGen       total 39936K, used 4488K [0x00000000c7400000, 0x00000000c9b00000, 0x00000000ed180000)
  object space 39936K, 11% used [0x00000000c7400000,0x00000000c7862050,0x00000000c9b00000)
 Metaspace       used 5081K, capacity 5314K, committed 5504K, reserved 1056768K
  class space    used 554K, capacity 590K, committed 640K, reserved 1048576K

